RETAIN ORDER CROSSOVER
original: allthatisgolddoesnotglitternotallthosewhowanderarelosttheoldthatisstrongdoesnotwitherdeeprootsarenotreachedbythefrostfromtheashesafireshallbewokenalightfromtheshadowsshallspringrenewedshallbebladethatwasbrokenthecrownlessagainshallbeking
original wheel: ᛒ ᛕ ᚿ ᛡ ᛳ ᛉ ᚻ ᛄ ᛞ ᛆ ᚶ ᚸ ᛦ ᚠ ᚬ ᚱ ᛎ ᛖ ᚧ ᚪ ᚨ ᚷ ᛥ ᛮ ᛟ ᛣ ᛈ ᛏ ᛑ ᛐ ᚭ ᚫ ᛤ ᛩ ᛓ ᛗ ᛴ ᛇ ᛰ ᚢ ᛋ ᛙ ᛛ ᛠ ᛯ ᚵ ᚰ ᚺ ᛚ ᚼ ᚴ ᛁ ᛵ ᚣ ᚤ ᛪ ᛂ ᛜ ᚦ ᛢ ᛔ ᚮ ᛀ ᛷ ᚡ ᛸ ᛱ ᚹ ᚩ ᛝ ᛅ ᛶ ᚽ ᛍ ᚾ ᛨ ᛲ ᚯ ᛃ ᚥ ᛘ ᛊ ᚳ
best wheel:     ᚠ ᛯ ᚭ ᚤ ᚷ ᛲ ᛚ ᛆ ᛩ ᛤ ᛔ ᚦ ᛜ ᚽ ᛍ ᛙ ᛓ ᚹ ᛵ ᚺ ᚨ ᛏ ᛂ ᛉ ᛗ ᛰ ᚾ ᛇ ᛱ ᚿ ᛴ ᚩ ᚢ ᚻ ᛡ ᚯ ᛋ ᚡ ᛦ ᛥ ᛃ ᛊ ᚫ ᛅ ᚰ ᛢ ᚪ ᛐ ᚸ ᛘ ᚶ ᚬ ᛑ ᛷ ᛪ ᛁ ᚵ ᛣ ᚥ ᛄ ᛟ ᛝ ᚧ ᚳ ᛀ ᛠ ᛸ ᛛ ᛮ ᛨ ᛳ ᛖ ᛕ ᛈ ᚱ ᚼ ᛶ ᛞ ᚴ ᛎ ᛒ ᚣ ᚮ    
generation: 7450
parents fitness: 192.8700157676895, 207.61739103054003
Fittest: ["ᚠᛯᚭᚤᚷᛲᛚᛆᛩᛤᛔᚦᛜᚽᛍᛙᛓᚹᛵᚺᚨᛏᛂᛉᛗᛰᚾᛇᛱᚿᛴᚩᚢᚻᛡᚯᛋᚡᛦᛥᛃᛊᚫᛅᚰᛢᚪᛐᚸᛘᚶᚬᛑᛷᛪᛁᚵᛣᚥᛄᛟᛝᚧᚳᛀᛠᛸᛛᛮᛨᛳᛖᛕᛈᚱᚼᛶᛞᚴᛎᛒᚣᚮ", "ᛑᛷᛪᛁᚵᛣᚥᛄᛟᛝᚧᚳᛀᛠᛸᛛᛮᛨᛳᛖᛕᛈᚩᚼᛶᛞᚴᛎᛒᚣᚮᚠᛯᚭᚤᚷᛲᛚᛆᛩᛤᛔᚦᛜᚽᛍᛙᛓᚹᛵᚺᚨᛏᛂᛉᛗᛰᚾᛇᛱᚿᛴᚱᚢᚻᛡᚯᛋᚡᛦᛥᛃᛊᚫᛅᚰᛢᚪᛐᚸᛘᚶᚬ", "ᛑᛷᛪᛁᚵᛣᚥᛄᛟᛝᚧᚳᛀᛠᛸᛛᛮᛨᛳᛖᛕᛈᚩᚼᛶᛞᚴᛎᛒᚣᚮᚠᛯᚭᚤᚷᛲᛚᛆᛩᛤᛔᚦᛜᚽᛍᛙᛓᚹᛵᚺᚨᛏᛂᛉᛗᛰᚾᛇᛱᚿᛴᚱᚢᚻᛡᚯᛋᚡᛦᛥᛃᛊᚫᛅᚰᛢᚪᛐᚸᛘᚶᚬ", "ᚠᛯᚭᚤᚷᛲᛚᛆᛩᛤᛔᚦᛜᚽᛍᛙᛓᚹᛵᚺᚨᛏᛂᛉᛗᛰᚾᛇᛱᚿᛴᚱᚢᚻᛡᚯᛋᚡᛦᛥᛃᛊᚫᛅᚰᛢᚪᛐᚸᛘᚶᚬᛑᛷᛪᛁᚵᛣᚥᛄᛟᛝᚧᚳᛀᛠᛸᛛᛮᛨᛳᛖᛕᛈᚩᚼᛶᛞᚴᛎᛒᚣᚮ", "ᚠᛯᚭᚤᚷᛲᛚᛆᛩᛤᛔᚦᛜᚽᛍᛙᛓᚹᛵᚺᚨᛏᛂᛉᛗᛰᚾᛇᛱᚿᛴᚱᚢᚻᛡᚯᛋᚡᛦᛥᛃᛊᚫᛅᚰᛢᚪᛐᚸᛘᚶᚬᛑᛷᛪᛁᚵᛣᚥᛄᛟᛝᚧᚳᛀᛠᛸᛛᛮᛨᛳᛖᛕᛈᚩᚼᛶᛞᚴᛎᛒᚣᚮ", "ᚠᛯᚭᚤᚷᛲᛚᛆᛩᛤᛔᚦᛜᚽᛍᛙᛓᚹᛵᚺᚨᛏᛂᛉᛗᛰᚾᛇᛱᚿᛴᚱᚢᚻᛡᚯᛋᚡᛦᛥᛃᛊᚫᛅᚰᛢᚪᛐᚸᛘᚶᚬᛑᛷᛪᛁᚵᛣᚥᛄᛟᛝᚧᚳᛀᛠᛸᛛᛮᛨᛳᛖᛕᛈᚩᚼᛶᛞᚴᛎᛒᚣᚮ", "ᚠᛯᚭᚤᚷᛲᛚᛆᛩᛤᛔᚦᛜᚽᛍᛙᛓᚹᛵᚺᚨᛏᛂᛉᛗᛰᚾᛇᛱᚿᛴᚱᚢᚻᛡᚯᛋᚡᛦᛥᛃᛊᚫᛅᚰᛢᚪᛐᚸᛘᚶᚬᛑᛷᛪᛁᚵᛣᚥᛄᛟᛝᚧᚳᛀᛠᛸᛛᛮᛨᛳᛖᛕᛈᚩᚼᛶᛞᚴᛎᛒᚣᚮ", "ᚠᛯᚭᚤᚷᛲᛚᛆᛩᛤᛔᚦᛜᚽᛍᛙᛓᚹᛵᚺᚨᛏᛂᛉᛗᛰᚾᛇᛱᚿᛴᚱᚢᚻᛡᚯᛋᚡᛦᛥᛃᛊᚫᛅᚰᛢᚪᛐᚸᛘᚶᚬᛑᛷᛪᛁᚵᛣᚥᛄᛟᛝᚧᚳᛀᛠᛸᛛᛮᛨᛳᛖᛕᛈᚩᚼᛶᛞᚴᛎᛒᚣᚮ", "ᚠᛯᚭᚤᚷᛲᛚᛅᛩᛤᛔᚦᛜᚽᛍᛙᛓᚹᛵᚺᚨᛏᛂᛉᛗᛰᚾᛇᛱᚿᛴᚱᚢᚻᛡᚯᛋᚡᛦᛥᛃᛊᚫᛆᚰᛢᚪᛐᚸᛘᚶᚬᛑᛷᛪᛁᚵᛣᚥᛄᛟᛝᚧᚳᛀᛠᛸᛛᛮᛨᛳᛖᛕᛈᚩᚼᛶᛞᚴᛎᛒᚣᚮ", "ᚠᛯᚭᚤᚷᛲᛚᛆᛩᛤᛔᚦᛜᚽᛍᛙᛓᚹᛵᚺᚨᛏᛂᛉᛗᛰᚾᛇᛱᚿᛴᚱᚢᚻᛷᚯᛋᚡᛦᛥᛃᛊᚫᛅᚰᛢᚪᛐᚸᛘᚶᚬᛑᛡᛪᛁᚵᛣᚥᛄᛟᛝᚧᚳᛀᛠᛸᛛᛮᛨᛳᛖᛕᛈᚩᚼᛶᛞᚴᛎᛒᚣᚮ"]
Fitness: [192.8700157676895, 207.61739103054006, 207.61739103054006, 208.64284656821894, 208.64284656821894, 208.64284656821894, 208.64284656821894, 208.64284656821894, 209.72527460380098, 212.14045374874487]
plaintext: "hihmdlethaxgldfnaoagmserocdrlhcatnbcnhctehpleoltwayurandafchcleaeevpcrfbslfcprekljcnpcndcghsfhrswqyfgkefesybnuduiheunnagmitbaitmidsrmegptspscosisrsripufemcdoirervfhtoguaunkylapidisvycvnwdsploahcednuvnwpnxtcdoambogyrmluykmrmhnyxledrehjbih"
plaintext: "wuwgpmbvwyhamfwbrjranpmtsiptngtxdehteocdmolmrsndjrdscrpfrsiotimnbqdliawgansiacepnvcefientaoasocakuwkborwmamgeousegrsepybgudhyedrefparqbmdalznsauptatulosrgipsetmtdsodsboroeteinlefuadeidpkfpanznocmfesdekfeyvlhsnrhsxdcivoeorcroeekimftrowgbw"
plaintext: "wuwgpmbvwyhamfwbrjranpmtsiptngtxdehteocdmolmrsndjrdscrpfrsiotimnbqdliawgansiacepnvcefientaoasocakuwkborwmamgeousegrsepybgudhyedrefparqbmdalznsauptatulosrgipsetmtdsodsboroeteinlefuadeidpkfpanznocmfesdekfeyvlhsnrhsxdcivoeorcroeekimftrowgbw"
plaintext: "hihmdlethaxgldfnaoagmserocdrlhcatnbcnhctehpleoltwayurandafchcleaeevpcrfbslfcprisljcnpcnmcghsfhrswqjfgkefesybnuduiheunnagmitbaitmidsrmegytspsaosisrsripufemcdoirervfhtoguaunkylapidisvycvnwdsploahcednuvnwpnxtcdoambogyrbjuykmrmhnyfledrehjhih"
plaintext: "hihmdlethaxgldfnaoagmserocdrlhcatnbcnhctehpleoltwayurandafchcleaeevpcrfbslfcprisljcnpcnmcghsfhrswqjfgkefesybnuduiheunnagmitbaitmidsrmegytspsaosisrsripufemcdoirervfhtoguaunkylapidisvycvnwdsploahcednuvnwpnxtcdoambogyrbjuykmrmhnyfledrehjhih"
plaintext: "hihmdlethaxgldfnaoagmserocdrlhcatnbcnhctehpleoltwayurandafchcleaeevpcrfbslfcprisljcnpcnmcghsfhrswqjfgkefesybnuduiheunnagmitbaitmidsrmegytspsaosisrsripufemcdoirervfhtoguaunkylapidisvycvnwdsploahcednuvnwpnxtcdoambogyrbjuykmrmhnyfledrehjhih"
plaintext: "hihmdlethaxgldfnaoagmserocdrlhcatnbcnhctehpleoltwayurandafchcleaeevpcrfbslfcprisljcnpcnmcghsfhrswqjfgkefesybnuduiheunnagmitbaitmidsrmegytspsaosisrsripufemcdoirervfhtoguaunkylapidisvycvnwdsploahcednuvnwpnxtcdoambogyrbjuykmrmhnyfledrehjhih"
plaintext: "hihmdlethaxgldfnaoagmserocdrlhcatnbcnhctehpleoltwayurandafchcleaeevpcrfbslfcprisljcnpcnmcghsfhrswqjfgkefesybnuduiheunnagmitbaitmidsrmegytspsaosisrsripufemcdoirervfhtoguaunkylapidisvycvnwdsploahcednuvnwpnxtcdoambogyrbjuykmrmhnyfledrehjhih"
plaintext: "hihmdlethaxgldfnaoagmserocdrlhcatnbcnhctehpleoltwayurandafchcleaeevpcrfbslfcprisljcnprnmcghsfhrswqjfgkefesybnuduiheunnagmitbaitmidsrmegyfspsaosisrsripufemcdoirervfhtoguaunkflapidisvycvnwdsploahcednuvnwpnxtcdoambogyrbjuykmrmhnyfledrehjhih"
plaintext: "hihmdlethaxgldfnaoagmserocdrlhcatnbcnhctehpleoltwayurandafchcleaeevpcrfbslfcprisljcnpcnmcghsfhrswqjfgkefesybnuduiheunnagmitbaitmihsrmegytspsaosisrsripufemcdoibervchtoguaunkylapidisvycvnwdsploahcednuvnwpnxtcdoadbogyrbjumkmrmhnyfledrehjhih"

STRAIGHT COPY CROSSOVER
allthatisgolddoesnotglitternotallthosewhowanderarelosttheoldthatisstrongdoesnotwitherdeeprootsarenotreachedbythefrostfromtheashesafireshallbewokenalightfromtheshadowsshallspringrenewedshallbebladethatwasbrokenthecrownlessagainshallbeking
ᛖbᛈaneᛈuouiᛗyᚨᚬᛈrecsᛐtmboᛴlrᛑᚼndᛂᚣᛘᛗnᛚteᛋᛔaenᛂᛳakᛔlrᛔbtshdorᛘisᛒᚸgsᛳᛈtᛗᛘusyᛒᛙᚯtwrgnᚸpᛆᚬedeᛄeᛐjᛑᚣkᛀoᛴtᛐᛴruᛩinᛈheooaeᛋᚣᛚeᛴnlehemocᚣtceᛄtahᛅtbᛀtᚯipamᛘudivfᛒᛑmsitinᛋstᛘᛖᛄryssᛑlᛆᛚinbfsmnhidᛈgdtrᛐᛗatcᛗᛋpᚯᚼᚣᚣfnreoosᛄaᛄᛂhsᛚlnvfdᛀanaleaisᛳuhᚯniro
generation: 81
parents fitness: 138.87948159989224, 138.87948159989224
Fittest: ["ᚩᛯᚺᛦᛛᚢᛝᚧᛟᛁᚷᛇᛢᛯᚰᚱᛥᚡᛪᛨᛮᛯᛡᛁᛮᚹᚢᚰᛸᛠᛁᚤᛊᛦᛯᛛᚡᚦᛰᚠᚮᛕᚫᚻᛃᛝᚶᚵᛃᛵᚿᛱᚴᛶᚷᛁᛤᛎᚳᛍᛍᛓᛣᚤᛜᚹᛷᛲᚮᛰᚥᚪᛏᛎᚾᛞᚶᛇᚽᚭᛥᛞᛉ", "ᚩᛯᚺᛦᛛᚢᛝᚧᛟᛁᚷᛇᛢᛯᚰᚱᛥᚡᛪᛨᛮᛯᛡᛁᛮᚹᚢᚰᛸᛠᛁᚤᛊᛦᛯᛛᚡᚦᛰᚠᚮᛕᚫᚻᛃᛝᚶᚵᛃᛵᚿᛱᚴᛶᚷᛁᛤᛎᚳᛍᛍᛓᛣᚤᛜᚹᛷᛲᚮᛰᚥᚪᛏᛎᚾᛞᚶᛇᚽᚭᛥᛞᛉ", "ᚩᛯᚺᛦᛛᚢᛝᚧᛟᛁᚷᛇᛢᛯᚰᚱᛥᚡᛪᛨᛮᛯᛡᛁᛮᚹᚢᚰᛸᛠᛁᚤᛊᛦᛯᛛᚡᚦᛰᚠᚮᛕᚫᚻᛃᛝᚶᚵᛃᛵᚿᛱᚴᛶᚷᛁᛤᛎᚳᛍᛍᛓᛣᚤᛜᚹᛷᛲᚮᛰᚥᚪᛏᛎᚾᛞᚶᛇᚽᚭᛥᛞᛉ", "ᚩᛯᚺᛦᛉᚢᛝᚧᛟᛁᚷᛇᛢᛯᚰᚱᛥᚡᛪᛨᛮᛯᛡᛁᛮᚹᚢᚰᛸᛠᛁᚤᛊᛦᛯᛛᚡᚦᛰᚠᚮᛕᚫᚻᛃᛝᚶᚵᛃᛵᚿᛱᚴᛶᚷᛁᛤᛎᚳᛍᛍᛓᛣᚤᛜᚹᛷᛲᚮᛰᚥᚪᛏᛎᚾᛞᚶᛇᚽᚭᛥᛞᛛ", "ᚩᛯᚺᛦᛉᚢᛝᚧᛟᛁᚷᛇᛢᛯᚰᚱᛥᚡᛪᛨᛮᛯᛡᛁᛮᚹᚢᚰᛸᛠᛁᚤᛊᛦᛯᛛᚡᚦᛰᚠᚮᛕᚫᚻᛃᛝᚶᚵᛃᛵᚿᛱᚴᛶᚷᛁᛤᛎᚳᛍᛍᛓᛣᚤᛜᚹᛷᛲᚮᛰᚥᚪᛏᛎᚾᛞᚶᛇᚽᚭᛥᛞᛛ", "ᚩᛯᚺᛦᛉᚢᛝᚧᛟᛁᚷᛇᛢᛯᚰᚱᛥᚡᛪᛨᛮᛯᛡᛁᛮᚹᚢᚰᛸᛠᛁᚤᛊᛦᛯᛛᚡᚦᛰᚠᚮᛕᚫᚻᛃᛝᚶᚵᛃᛵᚿᛱᚴᛶᚷᛁᛤᛎᚳᛍᛍᛓᛣᚤᛜᚹᛷᛲᚮᛰᚥᚪᛏᛎᚾᛞᚶᛇᚽᚭᛥᛞᛛ", "ᚩᛯᚺᛦᛉᚢᛝᚧᛟᛁᚷᛇᛢᛯᚰᚱᛥᚡᛪᛨᛮᛯᛡᛁᛮᚹᚢᚰᛸᛠᛁᚤᛊᛦᛯᛛᚡᚦᛰᚠᚮᛕᚫᚻᛃᛝᚶᚵᛃᛵᚿᛱᚴᛶᚷᛁᛤᛎᚳᛍᛍᛓᛣᚤᛜᚹᛷᛲᚮᛰᚥᚪᛏᛎᚾᛞᚶᛇᚽᚭᛥᛞᛛ", "ᚩᛯᚺᛦᛉᚢᛝᚧᛟᛁᚷᛇᛢᛯᚰᚱᛥᚡᛪᛨᛮᛯᛡᛁᛮᚹᚢᚰᛸᛠᛁᚤᛊᛦᛯᛛᚡᚦᛰᚠᚮᛕᚫᚻᛃᛝᚶᚵᛃᛵᚿᛱᚴᛶᚷᛁᛤᛎᚳᛍᛍᛓᛣᚤᛜᚹᛷᛲᚮᛰᚥᚪᛏᛎᚾᛞᚶᛇᚽᚭᛥᛞᛛ", "ᚩᛯᚺᛦᛉᚢᛝᚧᛟᛁᚷᛇᛢᛯᚰᚱᛥᚡᛪᛨᛮᛯᛡᛁᛮᚹᚢᚰᛸᛠᛁᚤᛊᛦᛯᛛᚡᚦᛰᚠᚮᛕᚫᚻᛃᛝᚶᚵᛃᛵᚿᛱᚴᛶᚷᛁᛤᛎᚳᛍᛍᛓᛣᚤᛜᚹᛷᛲᚮᛰᚥᚪᛏᛎᚾᛞᚶᛇᚽᚭᛥᛞᛛ", "ᚩᛯᚺᛦᛉᚢᛝᚧᛟᛁᚷᛇᛢᛯᚰᚱᛥᚡᛪᛨᛮᛯᛡᛁᛮᚹᚢᚰᛸᛠᛁᚤᛊᛦᛯᛛᚡᚦᛰᚠᚮᛕᚫᚻᛃᛝᚶᚵᛃᛵᚿᛱᚴᛶᚷᛁᛤᛎᚳᛍᛍᛓᛣᚤᛜᚹᛷᛲᚮᛰᚥᚪᛏᛎᚾᛞᚶᛇᚽᚭᛥᛞᛛ"]
Fitness: [138.87948159989224, 138.87948159989224, 138.87948159989224, 140.11660609567357, 140.1166060956736, 140.11660609567357, 140.11660609567357, 140.11660609567357, 140.11660609567357, 140.11660609567357]
plaintext: "ᛖbᛈaneᛈuouiᛗyᚨᚬᛈrecsᛐtmboᛴlrᛑᚼndᛂᚣᛘᛗnᛚteᛋᛔaenᛂᛳakᛔlrᛔbtshdorᛘisᛒᚸgsᛳᛈtᛗᛘusyᛒᛙᚯtwrgnᚸpᛆᚬedeᛄeᛐjᛑᚣkᛀoᛴtᛐᛴruᛩinᛈheooaeᛋᚣᛚeᛴnlehemocᚣtceᛄtahᛅtbᛀtᚯipamᛘudivfᛒᛑmsitinᛋstᛘᛖᛄryssᛑlᛆᛚinbfsmnhidᛈgdtrᛐᛗatcᛗᛋpᚯᚼᚣᚣfnreoosᛄaᛄᛂhsᛚlnvfdᛀanaleaisᛳuhᚯniro"
plaintext: "ᛖbᛈaneᛈuouiᛗyᚨᚬᛈrecsᛐtmboᛴlrᛑᚼndᛂᚣᛘᛗnᛚteᛋᛔaenᛂᛳakᛔlrᛔbtshdorᛘisᛒᚸgsᛳᛈtᛗᛘusyᛒᛙᚯtwrgnᚸpᛆᚬedeᛄeᛐjᛑᚣkᛀoᛴtᛐᛴruᛩinᛈheooaeᛋᚣᛚeᛴnlehemocᚣtceᛄtahᛅtbᛀtᚯipamᛘudivfᛒᛑmsitinᛋstᛘᛖᛄryssᛑlᛆᛚinbfsmnhidᛈgdtrᛐᛗatcᛗᛋpᚯᚼᚣᚣfnreoosᛄaᛄᛂhsᛚlnvfdᛀanaleaisᛳuhᚯniro"
plaintext: "ᛖbᛈaneᛈuouiᛗyᚨᚬᛈrecsᛐtmboᛴlrᛑᚼndᛂᚣᛘᛗnᛚteᛋᛔaenᛂᛳakᛔlrᛔbtshdorᛘisᛒᚸgsᛳᛈtᛗᛘusyᛒᛙᚯtwrgnᚸpᛆᚬedeᛄeᛐjᛑᚣkᛀoᛴtᛐᛴruᛩinᛈheooaeᛋᚣᛚeᛴnlehemocᚣtceᛄtahᛅtbᛀtᚯipamᛘudivfᛒᛑmsitinᛋstᛘᛖᛄryssᛑlᛆᛚinbfsmnhidᛈgdtrᛐᛗatcᛗᛋpᚯᚼᚣᚣfnreoosᛄaᛄᛂhsᛚlnvfdᛀanaleaisᛳuhᚯniro"
plaintext: "ᛖbᛈaneᛈuouiᛗyᚨᚬᛈrecsᛐtmboᛴlrᛑᚼndᛂᚣᛘᛗnᛚteᛋᛔaenᛂᛳakᛔlrᛔbtshdorᛘisᛒᚸgsᛳᛈtᛗᛘusyᛒᛙᚯtwrgnᚸlᛆᚬedeᛄeᛐjᛑᚣkᛀoᛴtᛐᛴruᛩinᛈheooaeᛋᚣᛚeᛴnlehemocᚣtceᛄtahᛅtbᛀtᚯipamᛘadivwᛒᛑmsitinᛋstᛘᛖᛄryssᛑlᛆᛚinbfsmnhidᛈgdtrᛐᛗatcᛗᛋpᚯᚼᚣᚣfnreoosᛄaᛄᛂhxᛚlnvfdᛀanakeaisᛳahᚯniro"
plaintext: "ᛖbᛈaneᛈuouiᛗyᚨᚬᛈrecsᛐtmboᛴlrᛑᚼndᛂᚣᛘᛗnᛚteᛋᛔaenᛂᛳakᛔlrᛔbtshdorᛘisᛒᚸgsᛳᛈtᛗᛘusyᛒᛙᚯtwrgnᚸlᛆᚬedeᛄeᛐjᛑᚣkᛀoᛴtᛐᛴruᛩinᛈheooaeᛋᚣᛚeᛴnlehemocᚣtceᛄtahᛅtbᛀtᚯipamᛘadivwᛒᛑmsitinᛋstᛘᛖᛄryssᛑlᛆᛚinbfsmnhidᛈgdtrᛐᛗatcᛗᛋpᚯᚼᚣᚣfnreoosᛄaᛄᛂhxᛚlnvfdᛀanakeaisᛳahᚯniro"
plaintext: "ᛖbᛈaneᛈuouiᛗyᚨᚬᛈrecsᛐtmboᛴlrᛑᚼndᛂᚣᛘᛗnᛚteᛋᛔaenᛂᛳakᛔlrᛔbtshdorᛘisᛒᚸgsᛳᛈtᛗᛘusyᛒᛙᚯtwrgnᚸlᛆᚬedeᛄeᛐjᛑᚣkᛀoᛴtᛐᛴruᛩinᛈheooaeᛋᚣᛚeᛴnlehemocᚣtceᛄtahᛅtbᛀtᚯipamᛘadivwᛒᛑmsitinᛋstᛘᛖᛄryssᛑlᛆᛚinbfsmnhidᛈgdtrᛐᛗatcᛗᛋpᚯᚼᚣᚣfnreoosᛄaᛄᛂhxᛚlnvfdᛀanakeaisᛳahᚯniro"
plaintext: "ᛖbᛈaneᛈuouiᛗyᚨᚬᛈrecsᛐtmboᛴlrᛑᚼndᛂᚣᛘᛗnᛚteᛋᛔaenᛂᛳakᛔlrᛔbtshdorᛘisᛒᚸgsᛳᛈtᛗᛘusyᛒᛙᚯtwrgnᚸlᛆᚬedeᛄeᛐjᛑᚣkᛀoᛴtᛐᛴruᛩinᛈheooaeᛋᚣᛚeᛴnlehemocᚣtceᛄtahᛅtbᛀtᚯipamᛘadivwᛒᛑmsitinᛋstᛘᛖᛄryssᛑlᛆᛚinbfsmnhidᛈgdtrᛐᛗatcᛗᛋpᚯᚼᚣᚣfnreoosᛄaᛄᛂhxᛚlnvfdᛀanakeaisᛳahᚯniro"
plaintext: "ᛖbᛈaneᛈuouiᛗyᚨᚬᛈrecsᛐtmboᛴlrᛑᚼndᛂᚣᛘᛗnᛚteᛋᛔaenᛂᛳakᛔlrᛔbtshdorᛘisᛒᚸgsᛳᛈtᛗᛘusyᛒᛙᚯtwrgnᚸlᛆᚬedeᛄeᛐjᛑᚣkᛀoᛴtᛐᛴruᛩinᛈheooaeᛋᚣᛚeᛴnlehemocᚣtceᛄtahᛅtbᛀtᚯipamᛘadivwᛒᛑmsitinᛋstᛘᛖᛄryssᛑlᛆᛚinbfsmnhidᛈgdtrᛐᛗatcᛗᛋpᚯᚼᚣᚣfnreoosᛄaᛄᛂhxᛚlnvfdᛀanakeaisᛳahᚯniro"
plaintext: "ᛖbᛈaneᛈuouiᛗyᚨᚬᛈrecsᛐtmboᛴlrᛑᚼndᛂᚣᛘᛗnᛚteᛋᛔaenᛂᛳakᛔlrᛔbtshdorᛘisᛒᚸgsᛳᛈtᛗᛘusyᛒᛙᚯtwrgnᚸlᛆᚬedeᛄeᛐjᛑᚣkᛀoᛴtᛐᛴruᛩinᛈheooaeᛋᚣᛚeᛴnlehemocᚣtceᛄtahᛅtbᛀtᚯipamᛘadivwᛒᛑmsitinᛋstᛘᛖᛄryssᛑlᛆᛚinbfsmnhidᛈgdtrᛐᛗatcᛗᛋpᚯᚼᚣᚣfnreoosᛄaᛄᛂhxᛚlnvfdᛀanakeaisᛳahᚯniro"
plaintext: "ᛖbᛈaneᛈuouiᛗyᚨᚬᛈrecsᛐtmboᛴlrᛑᚼndᛂᚣᛘᛗnᛚteᛋᛔaenᛂᛳakᛔlrᛔbtshdorᛘisᛒᚸgsᛳᛈtᛗᛘusyᛒᛙᚯtwrgnᚸlᛆᚬedeᛄeᛐjᛑᚣkᛀoᛴtᛐᛴruᛩinᛈheooaeᛋᚣᛚeᛴnlehemocᚣtceᛄtahᛅtbᛀtᚯipamᛘadivwᛒᛑmsitinᛋstᛘᛖᛄryssᛑlᛆᛚinbfsmnhidᛈgdtrᛐᛗatcᛗᛋpᚯᚼᚣᚣfnreoosᛄaᛄᛂhxᛚlnvfdᛀanakeaisᛳahᚯniro"
