------------------
step: 0
abcd
efgh
ijkl
------------------
------------------
step: 1
dabc
efgh
ijkl
------------------
------------------
step: 2
cdab
efgh
ijkl
------------------
------------------
step: 3
bcda
efgh
ijkl
------------------
------------------
step: 4
abcd
hefg
ijkl
------------------
------------------
step: 5
dabc
hefg
ijkl
------------------
------------------
step: 6
cdab
hefg
ijkl
------------------
------------------
step: 7
bcda
hefg
ijkl
------------------
------------------
step: 8
abcd
ghef
ijkl
------------------
------------------
step: 9
dabc
ghef
ijkl
------------------
------------------
step: 10
cdab
ghef
ijkl
------------------
------------------
step: 11
bcda
ghef
ijkl
------------------
------------------
step: 12
abcd
fghe
ijkl
------------------
------------------
step: 13
dabc
fghe
ijkl
------------------
------------------
step: 14
cdab
fghe
ijkl
------------------
------------------
step: 15
bcda
fghe
ijkl
------------------
------------------
step: 16
abcd
efgh
lijk
------------------
------------------
step: 17
dabc
efgh
lijk
------------------
------------------
step: 18
cdab
efgh
lijk
------------------
------------------
step: 19
bcda
efgh
lijk
------------------
------------------
step: 20
abcd
hefg
lijk
------------------
------------------
step: 21
dabc
hefg
lijk
------------------
------------------
step: 22
cdab
hefg
lijk
------------------
------------------
step: 23
bcda
hefg
lijk
------------------
------------------
step: 24
abcd
ghef
lijk
------------------
------------------
step: 25
dabc
ghef
lijk
------------------
------------------
step: 26
cdab
ghef
lijk
------------------
------------------
step: 27
bcda
ghef
lijk
------------------
------------------
step: 28
abcd
fghe
lijk
------------------
------------------
step: 29
dabc
fghe
lijk
------------------
------------------
step: 30
cdab
fghe
lijk
------------------
------------------
step: 31
bcda
fghe
lijk
------------------
------------------
step: 32
abcd
efgh
klij
------------------
------------------
step: 33
dabc
efgh
klij
------------------
------------------
step: 34
cdab
efgh
klij
------------------
------------------
step: 35
bcda
efgh
klij
------------------
------------------
step: 36
abcd
hefg
klij
------------------
------------------
step: 37
dabc
hefg
klij
------------------
------------------
step: 38
cdab
hefg
klij
------------------
------------------
step: 39
bcda
hefg
klij
------------------
------------------
step: 40
abcd
ghef
klij
------------------
------------------
step: 41
dabc
ghef
klij
------------------
------------------
step: 42
cdab
ghef
klij
------------------
------------------
step: 43
bcda
ghef
klij
------------------
------------------
step: 44
abcd
fghe
klij
------------------
------------------
step: 45
dabc
fghe
klij
------------------
------------------
step: 46
cdab
fghe
klij
------------------
------------------
step: 47
bcda
fghe
klij
------------------
------------------
step: 48
abcd
efgh
jkli
------------------
------------------
step: 49
dabc
efgh
jkli
------------------
------------------
step: 50
cdab
efgh
jkli
------------------
------------------
step: 51
bcda
efgh
jkli
------------------
------------------
step: 52
abcd
hefg
jkli
------------------
------------------
step: 53
dabc
hefg
jkli
------------------
------------------
step: 54
cdab
hefg
jkli
------------------
------------------
step: 55
bcda
hefg
jkli
------------------
------------------
step: 56
abcd
ghef
jkli
------------------
------------------
step: 57
dabc
ghef
jkli
------------------
------------------
step: 58
cdab
ghef
jkli
------------------
------------------
step: 59
bcda
ghef
jkli
------------------
------------------
step: 60
abcd
fghe
jkli
------------------
------------------
step: 61
dabc
fghe
jkli
------------------
------------------
step: 62
cdab
fghe
jkli
------------------
------------------
step: 63
bcda
fghe
jkli
------------------
------------------
step: 64
abcd
efgh
ijkl
------------------
